number,value,datetime_start,datetime_complete,duration,params_bootstrap,params_class_weight,params_max_depth,params_max_features,params_min_samples_leaf,params_min_samples_split,params_n_estimators,user_attrs_cv_scores,user_attrs_cv_std,state
94,0.5066666666666666,2026-06-11 11:18:54.750441,2026-06-11 11:18:55.558762,0 days 00:00:00.808321,True,,9,sqrt,7,7,285,"[0.4, 0.5666666666666667, 0.5333333333333333, 0.55, 0.48333333333333334]",0.06018490028422596,COMPLETE
95,0.4966666666666667,2026-06-11 11:18:55.559922,2026-06-11 11:18:56.579881,0 days 00:00:01.019959,True,,13,sqrt,6,4,369,"[0.38333333333333336, 0.5666666666666667, 0.5, 0.5833333333333334, 0.45]",0.07408703590297622,COMPLETE
96,0.49333333333333335,2026-06-11 11:18:56.580893,2026-06-11 11:18:57.499093,0 days 00:00:00.918200,True,balanced,11,sqrt,7,10,301,"[0.4, 0.55, 0.5166666666666667, 0.5333333333333333, 0.4666666666666667]",0.05436502143433364,COMPLETE
97,0.5033333333333334,2026-06-11 11:18:57.499624,2026-06-11 11:18:58.117879,0 days 00:00:00.618255,True,,10,sqrt,6,12,221,"[0.38333333333333336, 0.55, 0.5166666666666667, 0.5833333333333334, 0.48333333333333334]",0.06863753427324668,COMPLETE
98,0.5133333333333334,2026-06-11 11:18:58.117879,2026-06-11 11:18:59.063258,0 days 00:00:00.945379,True,,17,sqrt,7,9,338,"[0.4166666666666667, 0.55, 0.5333333333333333, 0.6, 0.4666666666666667]",0.06446359868604572,COMPLETE
99,0.51,2026-06-11 11:18:59.063258,2026-06-11 11:18:59.670327,0 days 00:00:00.607069,False,,17,sqrt,8,11,257,"[0.43333333333333335, 0.5833333333333334, 0.5, 0.5666666666666667, 0.4666666666666667]",0.05734883511361751,COMPLETE
